<?xml version="1.0" encoding="UTF-8"?>
<coverage generated="1636877587546" clover="3.2.0">
  <project timestamp="1636877587546" name="All files">
    <metrics statements="49" coveredstatements="35" conditionals="12" coveredconditionals="10" methods="18" coveredmethods="14" elements="79" coveredelements="59" complexity="0" loc="49" ncloc="49" packages="2" files="4" classes="4"/>
    <package name="client">
      <metrics statements="39" coveredstatements="35" conditionals="10" coveredconditionals="10" methods="16" coveredmethods="14"/>
      <file name="Game.jsx" path="C:\Users\ayber\Documents\1030510044_BS435_WebProgramlama\1030510044_BS435_WebProgramlama\odev05\src\client\Game.jsx">
        <metrics statements="35" coveredstatements="35" conditionals="10" coveredconditionals="10" methods="14" coveredmethods="14"/>
        <line num="5" count="2" type="stmt"/>
        <line num="6" count="2" type="stmt"/>
        <line num="12" count="2" type="stmt"/>
        <line num="15" count="2" type="stmt"/>
        <line num="16" count="52" type="stmt"/>
        <line num="17" count="52" type="stmt"/>
        <line num="18" count="52" type="stmt"/>
        <line num="28" count="82" type="stmt"/>
        <line num="29" count="82" type="stmt"/>
        <line num="30" count="82" type="stmt"/>
        <line num="33" count="82" type="cond" truecount="2" falsecount="0"/>
        <line num="34" count="36" type="stmt"/>
        <line num="41" count="46" type="stmt"/>
        <line num="48" count="46" type="cond" truecount="2" falsecount="0"/>
        <line num="49" count="14" type="stmt"/>
        <line num="58" count="52" type="stmt"/>
        <line num="60" count="52" type="stmt"/>
        <line num="61" count="104" type="stmt"/>
        <line num="62" count="104" type="stmt"/>
        <line num="63" count="104" type="stmt"/>
        <line num="64" count="104" type="stmt"/>
        <line num="66" count="52" type="stmt"/>
        <line num="70" count="136" type="stmt"/>
        <line num="72" count="136" type="cond" truecount="2" falsecount="0"/>
        <line num="73" count="2" type="stmt"/>
        <line num="75" count="134" type="cond" truecount="2" falsecount="0"/>
        <line num="76" count="36" type="stmt"/>
        <line num="85" count="36" type="stmt"/>
        <line num="91" count="98" type="cond" truecount="2" falsecount="0"/>
        <line num="93" count="14" type="stmt"/>
        <line num="102" count="14" type="stmt"/>
        <line num="108" count="84" type="stmt"/>
        <line num="111" count="35" type="stmt"/>
        <line num="112" count="26" type="stmt"/>
        <line num="113" count="21" type="stmt"/>
      </file>
      <file name="home.jsx" path="C:\Users\ayber\Documents\1030510044_BS435_WebProgramlama\1030510044_BS435_WebProgramlama\odev05\src\client\home.jsx">
        <metrics statements="1" coveredstatements="0" conditionals="0" coveredconditionals="0" methods="1" coveredmethods="0"/>
        <line num="6" count="0" type="stmt"/>
      </file>
      <file name="index.jsx" path="C:\Users\ayber\Documents\1030510044_BS435_WebProgramlama\1030510044_BS435_WebProgramlama\odev05\src\client\index.jsx">
        <metrics statements="3" coveredstatements="0" conditionals="0" coveredconditionals="0" methods="1" coveredmethods="0"/>
        <line num="8" count="0" type="stmt"/>
        <line num="9" count="0" type="stmt"/>
        <line num="21" count="0" type="stmt"/>
      </file>
    </package>
    <package name="server">
      <metrics statements="10" coveredstatements="0" conditionals="2" coveredconditionals="0" methods="2" coveredmethods="0"/>
      <file name="server.js" path="C:\Users\ayber\Documents\1030510044_BS435_WebProgramlama\1030510044_BS435_WebProgramlama\odev05\src\server\server.js">
        <metrics statements="10" coveredstatements="0" conditionals="2" coveredconditionals="0" methods="2" coveredmethods="0"/>
        <line num="1" count="0" type="stmt"/>
        <line num="2" count="0" type="stmt"/>
        <line num="3" count="0" type="stmt"/>
        <line num="4" count="0" type="stmt"/>
        <line num="7" count="0" type="stmt"/>
        <line num="10" count="0" type="stmt"/>
        <line num="11" count="0" type="stmt"/>
        <line num="14" count="0" type="cond" truecount="0" falsecount="2"/>
        <line num="16" count="0" type="stmt"/>
        <line num="17" count="0" type="stmt"/>
      </file>
    </package>
  </project>
</coverage>
