{"C:\\Users\\ayber\\Documents\\1030510044_BS435_WebProgramlama\\1030510044_BS435_WebProgramlama\\odev05\\src\\client\\Game.jsx": {"path":"C:\\Users\\ayber\\Documents\\1030510044_BS435_WebProgramlama\\1030510044_BS435_WebProgramlama\\odev05\\src\\client\\Game.jsx","statementMap":{"0":{"start":{"line":5,"column":8},"end":{"line":5,"column":21}},"1":{"start":{"line":6,"column":8},"end":{"line":8,"column":9}},"2":{"start":{"line":12,"column":8},"end":{"line":12,"column":28}},"3":{"start":{"line":15,"column":19},"end":{"line":25,"column":5}},"4":{"start":{"line":16,"column":17},"end":{"line":16,"column":84}},"5":{"start":{"line":17,"column":21},"end":{"line":17,"column":35}},"6":{"start":{"line":18,"column":8},"end":{"line":24,"column":10}},"7":{"start":{"line":28,"column":15},"end":{"line":28,"column":30}},"8":{"start":{"line":29,"column":18},"end":{"line":29,"column":25}},"9":{"start":{"line":30,"column":4},"end":{"line":30,"column":44}},"10":{"start":{"line":33,"column":4},"end":{"line":54,"column":9}},"11":{"start":{"line":34,"column":8},"end":{"line":37,"column":11}},"12":{"start":{"line":34,"column":29},"end":{"line":37,"column":9}},"13":{"start":{"line":41,"column":8},"end":{"line":47,"column":11}},"14":{"start":{"line":41,"column":29},"end":{"line":47,"column":9}},"15":{"start":{"line":48,"column":8},"end":{"line":53,"column":9}},"16":{"start":{"line":49,"column":9},"end":{"line":52,"column":11}},"17":{"start":{"line":49,"column":30},"end":{"line":52,"column":9}},"18":{"start":{"line":58,"column":15},"end":{"line":58,"column":61}},"19":{"start":{"line":60,"column":4},"end":{"line":65,"column":5}},"20":{"start":{"line":61,"column":8},"end":{"line":61,"column":48}},"21":{"start":{"line":62,"column":8},"end":{"line":62,"column":20}},"22":{"start":{"line":63,"column":8},"end":{"line":63,"column":26}},"23":{"start":{"line":64,"column":8},"end":{"line":64,"column":20}},"24":{"start":{"line":66,"column":4},"end":{"line":66,"column":15}},"25":{"start":{"line":70,"column":17},"end":{"line":70,"column":32}},"26":{"start":{"line":72,"column":4},"end":{"line":73,"column":38}},"27":{"start":{"line":73,"column":8},"end":{"line":73,"column":37}},"28":{"start":{"line":75,"column":4},"end":{"line":89,"column":5}},"29":{"start":{"line":76,"column":8},"end":{"line":88,"column":10}},"30":{"start":{"line":85,"column":74},"end":{"line":85,"column":93}},"31":{"start":{"line":91,"column":4},"end":{"line":106,"column":5}},"32":{"start":{"line":93,"column":8},"end":{"line":105,"column":10}},"33":{"start":{"line":102,"column":74},"end":{"line":102,"column":93}},"34":{"start":{"line":108,"column":0},"end":{"line":115,"column":2}},"35":{"start":{"line":111,"column":56},"end":{"line":111,"column":71}},"36":{"start":{"line":112,"column":56},"end":{"line":112,"column":71}},"37":{"start":{"line":113,"column":56},"end":{"line":113,"column":71}}},"fnMap":{"0":{"name":"(anonymous_0)","decl":{"start":{"line":4,"column":4},"end":{"line":4,"column":5}},"loc":{"start":{"line":4,"column":23},"end":{"line":9,"column":5}},"line":4},"1":{"name":"(anonymous_1)","decl":{"start":{"line":11,"column":4},"end":{"line":11,"column":5}},"loc":{"start":{"line":11,"column":24},"end":{"line":13,"column":5}},"line":11},"2":{"name":"(anonymous_2)","decl":{"start":{"line":15,"column":19},"end":{"line":15,"column":20}},"loc":{"start":{"line":15,"column":25},"end":{"line":25,"column":5}},"line":15},"3":{"name":"(anonymous_3)","decl":{"start":{"line":27,"column":0},"end":{"line":27,"column":1}},"loc":{"start":{"line":27,"column":17},"end":{"line":55,"column":5}},"line":27},"4":{"name":"(anonymous_4)","decl":{"start":{"line":34,"column":22},"end":{"line":34,"column":23}},"loc":{"start":{"line":34,"column":29},"end":{"line":37,"column":9}},"line":34},"5":{"name":"(anonymous_5)","decl":{"start":{"line":41,"column":22},"end":{"line":41,"column":23}},"loc":{"start":{"line":41,"column":29},"end":{"line":47,"column":9}},"line":41},"6":{"name":"(anonymous_6)","decl":{"start":{"line":49,"column":23},"end":{"line":49,"column":24}},"loc":{"start":{"line":49,"column":30},"end":{"line":52,"column":9}},"line":49},"7":{"name":"(anonymous_7)","decl":{"start":{"line":57,"column":0},"end":{"line":57,"column":1}},"loc":{"start":{"line":57,"column":10},"end":{"line":67,"column":1}},"line":57},"8":{"name":"(anonymous_8)","decl":{"start":{"line":69,"column":0},"end":{"line":69,"column":1}},"loc":{"start":{"line":69,"column":8},"end":{"line":116,"column":5}},"line":69},"9":{"name":"(anonymous_9)","decl":{"start":{"line":85,"column":70},"end":{"line":85,"column":71}},"loc":{"start":{"line":85,"column":74},"end":{"line":85,"column":93}},"line":85},"10":{"name":"(anonymous_10)","decl":{"start":{"line":102,"column":70},"end":{"line":102,"column":71}},"loc":{"start":{"line":102,"column":74},"end":{"line":102,"column":93}},"line":102},"11":{"name":"(anonymous_11)","decl":{"start":{"line":111,"column":52},"end":{"line":111,"column":53}},"loc":{"start":{"line":111,"column":56},"end":{"line":111,"column":71}},"line":111},"12":{"name":"(anonymous_12)","decl":{"start":{"line":112,"column":52},"end":{"line":112,"column":53}},"loc":{"start":{"line":112,"column":56},"end":{"line":112,"column":71}},"line":112},"13":{"name":"(anonymous_13)","decl":{"start":{"line":113,"column":52},"end":{"line":113,"column":53}},"loc":{"start":{"line":113,"column":56},"end":{"line":113,"column":71}},"line":113}},"branchMap":{"0":{"loc":{"start":{"line":33,"column":4},"end":{"line":54,"column":9}},"type":"if","locations":[{"start":{"line":33,"column":4},"end":{"line":54,"column":9}},{"start":{"line":40,"column":4},"end":{"line":54,"column":9}}],"line":33},"1":{"loc":{"start":{"line":48,"column":8},"end":{"line":53,"column":9}},"type":"if","locations":[{"start":{"line":48,"column":8},"end":{"line":53,"column":9}},{"start":{},"end":{}}],"line":48},"2":{"loc":{"start":{"line":72,"column":4},"end":{"line":73,"column":38}},"type":"if","locations":[{"start":{"line":72,"column":4},"end":{"line":73,"column":38}},{"start":{},"end":{}}],"line":72},"3":{"loc":{"start":{"line":75,"column":4},"end":{"line":89,"column":5}},"type":"if","locations":[{"start":{"line":75,"column":4},"end":{"line":89,"column":5}},{"start":{},"end":{}}],"line":75},"4":{"loc":{"start":{"line":91,"column":4},"end":{"line":106,"column":5}},"type":"if","locations":[{"start":{"line":91,"column":4},"end":{"line":106,"column":5}},{"start":{},"end":{}}],"line":91}},"s":{"0":2,"1":2,"2":2,"3":2,"4":52,"5":52,"6":52,"7":82,"8":82,"9":82,"10":82,"11":36,"12":36,"13":46,"14":46,"15":46,"16":14,"17":14,"18":52,"19":52,"20":104,"21":104,"22":104,"23":104,"24":52,"25":136,"26":136,"27":2,"28":134,"29":36,"30":36,"31":98,"32":14,"33":14,"34":84,"35":35,"36":26,"37":21},"f":{"0":2,"1":2,"2":52,"3":82,"4":36,"5":46,"6":14,"7":52,"8":136,"9":36,"10":14,"11":35,"12":26,"13":21},"b":{"0":[36,46],"1":[14,32],"2":[2,134],"3":[36,98],"4":[14,84]},"_coverageSchema":"1a1c01bbd47fc00a2c39e90264f33305004495a9","hash":"9c1d6ac2d6be6d8f3f83e83fa006b34481b8a109"}
,"C:\\Users\\ayber\\Documents\\1030510044_BS435_WebProgramlama\\1030510044_BS435_WebProgramlama\\odev05\\src\\client\\home.jsx": {"path":"C:\\Users\\ayber\\Documents\\1030510044_BS435_WebProgramlama\\1030510044_BS435_WebProgramlama\\odev05\\src\\client\\home.jsx","statementMap":{"0":{"start":{"line":6,"column":8},"end":{"line":17,"column":10}}},"fnMap":{"0":{"name":"(anonymous_0)","decl":{"start":{"line":5,"column":4},"end":{"line":5,"column":5}},"loc":{"start":{"line":5,"column":13},"end":{"line":18,"column":5}},"line":5}},"branchMap":{},"s":{"0":0},"f":{"0":0},"b":{}}
,"C:\\Users\\ayber\\Documents\\1030510044_BS435_WebProgramlama\\1030510044_BS435_WebProgramlama\\odev05\\src\\client\\index.jsx": {"path":"C:\\Users\\ayber\\Documents\\1030510044_BS435_WebProgramlama\\1030510044_BS435_WebProgramlama\\odev05\\src\\client\\index.jsx","statementMap":{"0":{"start":{"line":8,"column":19},"end":{"line":20,"column":1}},"1":{"start":{"line":9,"column":4},"end":{"line":19,"column":6}},"2":{"start":{"line":21,"column":0},"end":{"line":21,"column":58}}},"fnMap":{"0":{"name":"(anonymous_0)","decl":{"start":{"line":8,"column":19},"end":{"line":8,"column":20}},"loc":{"start":{"line":8,"column":25},"end":{"line":20,"column":1}},"line":8}},"branchMap":{},"s":{"0":0,"1":0,"2":0},"f":{"0":0},"b":{}}
,"C:\\Users\\ayber\\Documents\\1030510044_BS435_WebProgramlama\\1030510044_BS435_WebProgramlama\\odev05\\src\\server\\server.js": {"path":"C:\\Users\\ayber\\Documents\\1030510044_BS435_WebProgramlama\\1030510044_BS435_WebProgramlama\\odev05\\src\\server\\server.js","statementMap":{"0":{"start":{"line":1,"column":16},"end":{"line":1,"column":34}},"1":{"start":{"line":2,"column":19},"end":{"line":2,"column":41}},"2":{"start":{"line":3,"column":13},"end":{"line":3,"column":28}},"3":{"start":{"line":4,"column":12},"end":{"line":4,"column":21}},"4":{"start":{"line":7,"column":0},"end":{"line":7,"column":34}},"5":{"start":{"line":10,"column":0},"end":{"line":12,"column":3}},"6":{"start":{"line":11,"column":4},"end":{"line":11,"column":78}},"7":{"start":{"line":14,"column":13},"end":{"line":14,"column":37}},"8":{"start":{"line":16,"column":0},"end":{"line":18,"column":3}},"9":{"start":{"line":17,"column":4},"end":{"line":17,"column":50}}},"fnMap":{"0":{"name":"(anonymous_0)","decl":{"start":{"line":10,"column":8},"end":{"line":10,"column":9}},"loc":{"start":{"line":10,"column":28},"end":{"line":12,"column":1}},"line":10},"1":{"name":"(anonymous_1)","decl":{"start":{"line":16,"column":17},"end":{"line":16,"column":18}},"loc":{"start":{"line":16,"column":23},"end":{"line":18,"column":1}},"line":16}},"branchMap":{"0":{"loc":{"start":{"line":14,"column":13},"end":{"line":14,"column":37}},"type":"binary-expr","locations":[{"start":{"line":14,"column":13},"end":{"line":14,"column":29}},{"start":{"line":14,"column":33},"end":{"line":14,"column":37}}],"line":14}},"s":{"0":0,"1":0,"2":0,"3":0,"4":0,"5":0,"6":0,"7":0,"8":0,"9":0},"f":{"0":0,"1":0},"b":{"0":[0,0]}}
}
