TN:
SF:src\client\Game.jsx
FN:4,(anonymous_0)
FN:11,(anonymous_1)
FN:15,(anonymous_2)
FN:27,(anonymous_3)
FN:34,(anonymous_4)
FN:41,(anonymous_5)
FN:49,(anonymous_6)
FN:57,(anonymous_7)
FN:69,(anonymous_8)
FN:85,(anonymous_9)
FN:102,(anonymous_10)
FN:111,(anonymous_11)
FN:112,(anonymous_12)
FN:113,(anonymous_13)
FNF:14
FNH:14
FNDA:2,(anonymous_0)
FNDA:2,(anonymous_1)
FNDA:52,(anonymous_2)
FNDA:82,(anonymous_3)
FNDA:36,(anonymous_4)
FNDA:46,(anonymous_5)
FNDA:14,(anonymous_6)
FNDA:52,(anonymous_7)
FNDA:136,(anonymous_8)
FNDA:36,(anonymous_9)
FNDA:14,(anonymous_10)
FNDA:35,(anonymous_11)
FNDA:26,(anonymous_12)
FNDA:21,(anonymous_13)
DA:5,2
DA:6,2
DA:12,2
DA:15,2
DA:16,52
DA:17,52
DA:18,52
DA:28,82
DA:29,82
DA:30,82
DA:33,82
DA:34,36
DA:41,46
DA:48,46
DA:49,14
DA:58,52
DA:60,52
DA:61,104
DA:62,104
DA:63,104
DA:64,104
DA:66,52
DA:70,136
DA:72,136
DA:73,2
DA:75,134
DA:76,36
DA:85,36
DA:91,98
DA:93,14
DA:102,14
DA:108,84
DA:111,35
DA:112,26
DA:113,21
LF:35
LH:35
BRDA:33,0,0,36
BRDA:33,0,1,46
BRDA:48,1,0,14
BRDA:48,1,1,32
BRDA:72,2,0,2
BRDA:72,2,1,134
BRDA:75,3,0,36
BRDA:75,3,1,98
BRDA:91,4,0,14
BRDA:91,4,1,84
BRF:10
BRH:10
end_of_record
TN:
SF:src\client\home.jsx
FN:5,(anonymous_0)
FNF:1
FNH:0
FNDA:0,(anonymous_0)
DA:6,0
LF:1
LH:0
BRF:0
BRH:0
end_of_record
TN:
SF:src\client\index.jsx
FN:8,(anonymous_0)
FNF:1
FNH:0
FNDA:0,(anonymous_0)
DA:8,0
DA:9,0
DA:21,0
LF:3
LH:0
BRF:0
BRH:0
end_of_record
TN:
SF:src\server\server.js
FN:10,(anonymous_0)
FN:16,(anonymous_1)
FNF:2
FNH:0
FNDA:0,(anonymous_0)
FNDA:0,(anonymous_1)
DA:1,0
DA:2,0
DA:3,0
DA:4,0
DA:7,0
DA:10,0
DA:11,0
DA:14,0
DA:16,0
DA:17,0
LF:10
LH:0
BRDA:14,0,0,0
BRDA:14,0,1,0
BRF:2
BRH:0
end_of_record
