<?xml version="1.0" encoding="UTF-8"?>
<coverage generated="1635762053670" clover="3.2.0">
  <project timestamp="1635762053670" name="All files">
    <metrics statements="14" coveredstatements="0" conditionals="4" coveredconditionals="0" methods="1" coveredmethods="0" elements="19" coveredelements="0" complexity="0" loc="14" ncloc="14" packages="1" files="1" classes="1"/>
    <file name="kod.js" path="C:\Users\ayber\Documents\1030510044_BS435_WebProgramlama\1030510044_BS435_WebProgramlama\odev02\src\kod.js">
      <metrics statements="14" coveredstatements="0" conditionals="4" coveredconditionals="0" methods="1" coveredmethods="0"/>
      <line num="4" count="0" type="stmt"/>
      <line num="6" count="0" type="stmt"/>
      <line num="9" count="0" type="stmt"/>
      <line num="11" count="0" type="stmt"/>
      <line num="12" count="0" type="stmt"/>
      <line num="13" count="0" type="cond" truecount="0" falsecount="2"/>
      <line num="15" count="0" type="stmt"/>
      <line num="16" count="0" type="stmt"/>
      <line num="17" count="0" type="stmt"/>
      <line num="21" count="0" type="stmt"/>
      <line num="22" count="0" type="cond" truecount="0" falsecount="2"/>
      <line num="24" count="0" type="stmt"/>
      <line num="25" count="0" type="stmt"/>
      <line num="26" count="0" type="stmt"/>
    </file>
  </project>
</coverage>
