<?xml version="1.0" encoding="UTF-8"?>
<coverage generated="1636464529693" clover="3.2.0">
  <project timestamp="1636464529693" name="All files">
    <metrics statements="27" coveredstatements="24" conditionals="8" coveredconditionals="8" methods="11" coveredmethods="10" elements="46" coveredelements="42" complexity="0" loc="27" ncloc="27" packages="1" files="2" classes="2"/>
    <file name="Game.jsx" path="C:\Users\ayber\Documents\1030510044_BS435_WebProgramlama\1030510044_BS435_WebProgramlama\odev04\src\Game.jsx">
      <metrics statements="24" coveredstatements="24" conditionals="8" coveredconditionals="8" methods="10" coveredmethods="10"/>
      <line num="8" count="53" type="stmt"/>
      <line num="9" count="53" type="stmt"/>
      <line num="20" count="153" type="stmt"/>
      <line num="21" count="153" type="stmt"/>
      <line num="25" count="53" type="stmt"/>
      <line num="27" count="53" type="stmt"/>
      <line num="28" count="106" type="stmt"/>
      <line num="29" count="106" type="stmt"/>
      <line num="30" count="106" type="stmt"/>
      <line num="31" count="106" type="stmt"/>
      <line num="33" count="53" type="stmt"/>
      <line num="36" count="53" type="stmt"/>
      <line num="37" count="153" type="cond" truecount="4" falsecount="0"/>
      <line num="38" count="31" type="stmt"/>
      <line num="39" count="30" type="stmt"/>
      <line num="41" count="31" type="stmt"/>
      <line num="46" count="122" type="stmt"/>
      <line num="47" count="122" type="cond" truecount="4" falsecount="0"/>
      <line num="48" count="20" type="stmt"/>
      <line num="49" count="20" type="stmt"/>
      <line num="56" count="104" type="stmt"/>
      <line num="59" count="51" type="stmt"/>
      <line num="60" count="51" type="stmt"/>
      <line num="61" count="51" type="stmt"/>
    </file>
    <file name="index.jsx" path="C:\Users\ayber\Documents\1030510044_BS435_WebProgramlama\1030510044_BS435_WebProgramlama\odev04\src\index.jsx">
      <metrics statements="3" coveredstatements="0" conditionals="0" coveredconditionals="0" methods="1" coveredmethods="0"/>
      <line num="6" count="0" type="stmt"/>
      <line num="7" count="0" type="stmt"/>
      <line num="11" count="0" type="stmt"/>
    </file>
  </project>
</coverage>
