{"C:\\Users\\ayber\\Documents\\1030510044_BS435_WebProgramlama\\1030510044_BS435_WebProgramlama\\odev04\\src\\Game.jsx": {"path":"C:\\Users\\ayber\\Documents\\1030510044_BS435_WebProgramlama\\1030510044_BS435_WebProgramlama\\odev04\\src\\Game.jsx","statementMap":{"0":{"start":{"line":8,"column":8},"end":{"line":8,"column":21}},"1":{"start":{"line":9,"column":8},"end":{"line":16,"column":10}},"2":{"start":{"line":20,"column":4},"end":{"line":20,"column":62}},"3":{"start":{"line":21,"column":4},"end":{"line":21,"column":61}},"4":{"start":{"line":25,"column":15},"end":{"line":25,"column":61}},"5":{"start":{"line":27,"column":4},"end":{"line":32,"column":5}},"6":{"start":{"line":28,"column":8},"end":{"line":28,"column":48}},"7":{"start":{"line":29,"column":8},"end":{"line":29,"column":20}},"8":{"start":{"line":30,"column":8},"end":{"line":30,"column":26}},"9":{"start":{"line":31,"column":8},"end":{"line":31,"column":20}},"10":{"start":{"line":33,"column":4},"end":{"line":33,"column":15}},"11":{"start":{"line":36,"column":10},"end":{"line":52,"column":1}},"12":{"start":{"line":37,"column":4},"end":{"line":51,"column":5}},"13":{"start":{"line":38,"column":9},"end":{"line":40,"column":40}},"14":{"start":{"line":39,"column":126},"end":{"line":39,"column":150}},"15":{"start":{"line":41,"column":8},"end":{"line":41,"column":31}},"16":{"start":{"line":46,"column":8},"end":{"line":46,"column":26}},"17":{"start":{"line":47,"column":8},"end":{"line":50,"column":43}},"18":{"start":{"line":48,"column":8},"end":{"line":50,"column":42}},"19":{"start":{"line":49,"column":124},"end":{"line":49,"column":148}},"20":{"start":{"line":56,"column":0},"end":{"line":65,"column":2}},"21":{"start":{"line":59,"column":40},"end":{"line":59,"column":57}},"22":{"start":{"line":60,"column":40},"end":{"line":60,"column":57}},"23":{"start":{"line":61,"column":40},"end":{"line":61,"column":57}}},"fnMap":{"0":{"name":"(anonymous_0)","decl":{"start":{"line":6,"column":4},"end":{"line":6,"column":5}},"loc":{"start":{"line":6,"column":23},"end":{"line":17,"column":1}},"line":6},"1":{"name":"(anonymous_1)","decl":{"start":{"line":19,"column":0},"end":{"line":19,"column":1}},"loc":{"start":{"line":19,"column":19},"end":{"line":22,"column":5}},"line":19},"2":{"name":"(anonymous_2)","decl":{"start":{"line":24,"column":0},"end":{"line":24,"column":1}},"loc":{"start":{"line":24,"column":10},"end":{"line":34,"column":1}},"line":24},"3":{"name":"(anonymous_3)","decl":{"start":{"line":36,"column":10},"end":{"line":36,"column":11}},"loc":{"start":{"line":36,"column":23},"end":{"line":52,"column":1}},"line":36},"4":{"name":"(anonymous_4)","decl":{"start":{"line":39,"column":122},"end":{"line":39,"column":123}},"loc":{"start":{"line":39,"column":126},"end":{"line":39,"column":150}},"line":39},"5":{"name":"(anonymous_5)","decl":{"start":{"line":49,"column":120},"end":{"line":49,"column":121}},"loc":{"start":{"line":49,"column":124},"end":{"line":49,"column":148}},"line":49},"6":{"name":"(anonymous_6)","decl":{"start":{"line":54,"column":0},"end":{"line":54,"column":1}},"loc":{"start":{"line":54,"column":8},"end":{"line":66,"column":1}},"line":54},"7":{"name":"(anonymous_7)","decl":{"start":{"line":59,"column":35},"end":{"line":59,"column":36}},"loc":{"start":{"line":59,"column":40},"end":{"line":59,"column":57}},"line":59},"8":{"name":"(anonymous_8)","decl":{"start":{"line":60,"column":35},"end":{"line":60,"column":36}},"loc":{"start":{"line":60,"column":40},"end":{"line":60,"column":57}},"line":60},"9":{"name":"(anonymous_9)","decl":{"start":{"line":61,"column":35},"end":{"line":61,"column":36}},"loc":{"start":{"line":61,"column":40},"end":{"line":61,"column":57}},"line":61}},"branchMap":{"0":{"loc":{"start":{"line":37,"column":4},"end":{"line":51,"column":5}},"type":"if","locations":[{"start":{"line":37,"column":4},"end":{"line":51,"column":5}},{"start":{"line":45,"column":4},"end":{"line":51,"column":5}}],"line":37},"1":{"loc":{"start":{"line":37,"column":7},"end":{"line":37,"column":38}},"type":"binary-expr","locations":[{"start":{"line":37,"column":7},"end":{"line":37,"column":14}},{"start":{"line":37,"column":19},"end":{"line":37,"column":37}}],"line":37},"2":{"loc":{"start":{"line":47,"column":8},"end":{"line":50,"column":43}},"type":"if","locations":[{"start":{"line":47,"column":8},"end":{"line":50,"column":43}},{"start":{},"end":{}}],"line":47},"3":{"loc":{"start":{"line":47,"column":11},"end":{"line":47,"column":51}},"type":"binary-expr","locations":[{"start":{"line":47,"column":11},"end":{"line":47,"column":29}},{"start":{"line":47,"column":33},"end":{"line":47,"column":51}}],"line":47}},"s":{"0":53,"1":53,"2":153,"3":153,"4":53,"5":53,"6":106,"7":106,"8":106,"9":106,"10":53,"11":53,"12":153,"13":31,"14":30,"15":31,"16":122,"17":122,"18":20,"19":20,"20":104,"21":51,"22":51,"23":51},"f":{"0":53,"1":153,"2":53,"3":153,"4":30,"5":20,"6":104,"7":51,"8":51,"9":51},"b":{"0":[31,122],"1":[153,51],"2":[20,102],"3":[122,51]},"_coverageSchema":"1a1c01bbd47fc00a2c39e90264f33305004495a9","hash":"4ee6e2132a3c9ded092ae4f661f12104cde393d6"}
,"C:\\Users\\ayber\\Documents\\1030510044_BS435_WebProgramlama\\1030510044_BS435_WebProgramlama\\odev04\\src\\index.jsx": {"path":"C:\\Users\\ayber\\Documents\\1030510044_BS435_WebProgramlama\\1030510044_BS435_WebProgramlama\\odev04\\src\\index.jsx","statementMap":{"0":{"start":{"line":6,"column":19},"end":{"line":10,"column":1}},"1":{"start":{"line":7,"column":4},"end":{"line":9,"column":6}},"2":{"start":{"line":11,"column":0},"end":{"line":11,"column":58}}},"fnMap":{"0":{"name":"(anonymous_0)","decl":{"start":{"line":6,"column":19},"end":{"line":6,"column":20}},"loc":{"start":{"line":6,"column":25},"end":{"line":10,"column":1}},"line":6}},"branchMap":{},"s":{"0":0,"1":0,"2":0},"f":{"0":0},"b":{}}
}
