TN:
SF:src\Game.jsx
FN:6,(anonymous_0)
FN:19,(anonymous_1)
FN:24,(anonymous_2)
FN:36,(anonymous_3)
FN:39,(anonymous_4)
FN:49,(anonymous_5)
FN:54,(anonymous_6)
FN:59,(anonymous_7)
FN:60,(anonymous_8)
FN:61,(anonymous_9)
FNF:10
FNH:10
FNDA:53,(anonymous_0)
FNDA:153,(anonymous_1)
FNDA:53,(anonymous_2)
FNDA:153,(anonymous_3)
FNDA:30,(anonymous_4)
FNDA:20,(anonymous_5)
FNDA:104,(anonymous_6)
FNDA:51,(anonymous_7)
FNDA:51,(anonymous_8)
FNDA:51,(anonymous_9)
DA:8,53
DA:9,53
DA:20,153
DA:21,153
DA:25,53
DA:27,53
DA:28,106
DA:29,106
DA:30,106
DA:31,106
DA:33,53
DA:36,53
DA:37,153
DA:38,31
DA:39,30
DA:41,31
DA:46,122
DA:47,122
DA:48,20
DA:49,20
DA:56,104
DA:59,51
DA:60,51
DA:61,51
LF:24
LH:24
BRDA:37,0,0,31
BRDA:37,0,1,122
BRDA:37,1,0,153
BRDA:37,1,1,51
BRDA:47,2,0,20
BRDA:47,2,1,102
BRDA:47,3,0,122
BRDA:47,3,1,51
BRF:8
BRH:8
end_of_record
TN:
SF:src\index.jsx
FN:6,(anonymous_0)
FNF:1
FNH:0
FNDA:0,(anonymous_0)
DA:6,0
DA:7,0
DA:11,0
LF:3
LH:0
BRF:0
BRH:0
end_of_record
